mDGroundScreen/build/outputs/logs/manifest-merger-debug-report.txt
-- Merging decision tree log ---
manifest
ADDED from src/main/AndroidManifest.xml:1:1-174:12
INJECTED from src/main/AndroidManifest.xml:1:1-174:12
INJECTED from src/main/AndroidManifest.xml:1:1-174:12
INJECTED from src/main/AndroidManifest.xml:1:1-174:12
MERGED from [:mdGroundLib] AndroidManifest.xml:2:1-13:12
INJECTED from src/main/AndroidManifest.xml:1:1-174:12
INJECTED from src/main/AndroidManifest.xml:1:1-174:12
INJECTED from src/main/AndroidManifest.xml:1:1-174:12
	package
		ADDED from src/main/AndroidManifest.xml:2:5-34
		INJECTED from src/main/AndroidManifest.xml
		INJECTED from src/main/AndroidManifest.xml
	android:versionName
		ADDED from src/main/AndroidManifest.xml:4:5-37
		INJECTED from src/main/AndroidManifest.xml
		INJECTED from src/main/AndroidManifest.xml
	xmlns:android
		ADDED from src/main/AndroidManifest.xml:1:11-69
	android:versionCode
		ADDED from src/main/AndroidManifest.xml:3:5-28
		INJECTED from src/main/AndroidManifest.xml
		INJECTED from src/main/AndroidManifest.xml
uses-sdk
ADDED from src/main/AndroidManifest.xml:6:5-8:41
INJECTED from src/main/AndroidManifest.xml:6:5-8:41
INJECTED from src/main/AndroidManifest.xml:6:5-8:41
MERGED from [:mdGroundLib] AndroidManifest.xml:7:5-9:41
MERGED from [:mdGroundLib] AndroidManifest.xml:7:5-9:41
INJECTED from src/main/AndroidManifest.xml:6:5-8:41
INJECTED from src/main/AndroidManifest.xml:6:5-8:41
	android:targetSdkVersion
		ADDED from src/main/AndroidManifest.xml:8:9-38
		INJECTED from src/main/AndroidManifest.xml
		INJECTED from src/main/AndroidManifest.xml
	android:minSdkVersion
		ADDED from src/main/AndroidManifest.xml:7:9-34
		INJECTED from src/main/AndroidManifest.xml
		INJECTED from src/main/AndroidManifest.xml
uses-permission#android.permission.WRITE_EXTERNAL_STORAGE
ADDED from src/main/AndroidManifest.xml:10:5-81
	android:name
		ADDED from src/main/AndroidManifest.xml:10:22-78
uses-permission#android.permission.WRITE_SETTINGS
ADDED from src/main/AndroidManifest.xml:11:5-73
	android:name
		ADDED from src/main/AndroidManifest.xml:11:22-70
uses-permission#android.permission.INTERNET
ADDED from src/main/AndroidManifest.xml:12:5-67
	android:name
		ADDED from src/main/AndroidManifest.xml:12:22-64
uses-permission#android.permission.ACCESS_NETWORK_STATE
ADDED from src/main/AndroidManifest.xml:13:5-79
	android:name
		ADDED from src/main/AndroidManifest.xml:13:22-76
uses-permission#android.permission.READ_PHONE_STATE
ADDED from src/main/AndroidManifest.xml:14:5-75
	android:name
		ADDED from src/main/AndroidManifest.xml:14:22-72
uses-permission#android.permission.ACCESS_WIFI_STATE
ADDED from src/main/AndroidManifest.xml:15:5-76
	android:name
		ADDED from src/main/AndroidManifest.xml:15:22-73
uses-permission#android.permission.RECORD_AUDIO
ADDED from src/main/AndroidManifest.xml:16:5-71
	android:name
		ADDED from src/main/AndroidManifest.xml:16:22-68
uses-permission#android.permission.RECEIVE_BOOT_COMPLETED
ADDED from src/main/AndroidManifest.xml:17:5-81
	android:name
		ADDED from src/main/AndroidManifest.xml:17:22-78
uses-permission#android.permission.RESTART_PACKAGES
ADDED from src/main/AndroidManifest.xml:18:5-75
	android:name
		ADDED from src/main/AndroidManifest.xml:18:22-72
uses-permission#android.permission.BROADCAST_STICKY
ADDED from src/main/AndroidManifest.xml:19:5-75
	android:name
		ADDED from src/main/AndroidManifest.xml:19:22-72
uses-permission#android.permission.WAKE_LOCK
ADDED from src/main/AndroidManifest.xml:20:5-68
	android:name
		ADDED from src/main/AndroidManifest.xml:20:22-65
uses-permission#android.permission.KILL_BACKGROUND_PROCESSES
ADDED from src/main/AndroidManifest.xml:21:5-84
	android:name
		ADDED from src/main/AndroidManifest.xml:21:22-81
uses-permission#android.permission.RECEIVE_USER_PRESENT
ADDED from src/main/AndroidManifest.xml:22:5-79
	android:name
		ADDED from src/main/AndroidManifest.xml:22:22-76
uses-permission#android.permission.GET_TASKS
ADDED from src/main/AndroidManifest.xml:23:5-68
	android:name
		ADDED from src/main/AndroidManifest.xml:23:22-65
uses-permission#android.permission.READ_LOGS
ADDED from src/main/AndroidManifest.xml:24:5-68
	android:name
		ADDED from src/main/AndroidManifest.xml:24:22-65
uses-permission#android.permission.VIBRATE
ADDED from src/main/AndroidManifest.xml:25:5-66
	android:name
		ADDED from src/main/AndroidManifest.xml:25:22-63
supports-screens
ADDED from src/main/AndroidManifest.xml:27:5-31:40
	android:largeScreens
		ADDED from src/main/AndroidManifest.xml:28:9-36
	android:smallScreens
		ADDED from src/main/AndroidManifest.xml:30:9-36
	android:normalScreens
		ADDED from src/main/AndroidManifest.xml:29:9-37
	android:xlargeScreens
		ADDED from src/main/AndroidManifest.xml:31:9-37
application
ADDED from src/main/AndroidManifest.xml:33:5-172:19
MERGED from [:mdGroundLib] AndroidManifest.xml:11:5-20
MERGED from [:mdGroundLib] AndroidManifest.xml:11:5-20
	android:label
		ADDED from src/main/AndroidManifest.xml:37:9-41
	android:icon
		ADDED from src/main/AndroidManifest.xml:36:9-42
	android:allowBackup
		ADDED from src/main/AndroidManifest.xml:35:9-35
	android:theme
		ADDED from src/main/AndroidManifest.xml:38:9-73
	android:name
		ADDED from src/main/AndroidManifest.xml:34:9-61
service#com.mdground.screen.service.DataService
ADDED from src/main/AndroidManifest.xml:39:9-43:19
	android:name
		ADDED from src/main/AndroidManifest.xml:39:18-72
intent-filter#action:name:com.mdground.screen.service.DataService
ADDED from src/main/AndroidManifest.xml:40:13-42:29
action#com.mdground.screen.service.DataService
ADDED from src/main/AndroidManifest.xml:41:17-82
	android:name
		ADDED from src/main/AndroidManifest.xml:41:25-79
activity#com.mdground.screen.activity.LoginActivity
ADDED from src/main/AndroidManifest.xml:45:9-58:20
	android:screenOrientation
		ADDED from src/main/AndroidManifest.xml:48:13-50
	android:launchMode
		ADDED from src/main/AndroidManifest.xml:47:13-43
	android:windowSoftInputMode
		ADDED from src/main/AndroidManifest.xml:50:13-55
	android:theme
		ADDED from src/main/AndroidManifest.xml:49:13-66
	android:name
		ADDED from src/main/AndroidManifest.xml:46:13-51
intent-filter#action:name:android.intent.action.MAIN+category:name:android.intent.category.DEFAULT+category:name:android.intent.category.HOME+category:name:android.intent.category.LAUNCHER
ADDED from src/main/AndroidManifest.xml:51:13-57:29
action#android.intent.action.MAIN
ADDED from src/main/AndroidManifest.xml:52:17-69
	android:name
		ADDED from src/main/AndroidManifest.xml:52:25-66
category#android.intent.category.LAUNCHER
ADDED from src/main/AndroidManifest.xml:54:17-77
	android:name
		ADDED from src/main/AndroidManifest.xml:54:27-74
category#android.intent.category.HOME
ADDED from src/main/AndroidManifest.xml:55:17-73
	android:name
		ADDED from src/main/AndroidManifest.xml:55:27-70
category#android.intent.category.DEFAULT
ADDED from src/main/AndroidManifest.xml:56:17-76
	android:name
		ADDED from src/main/AndroidManifest.xml:56:27-73
activity#com.mdground.screen.activity.MainActivity
ADDED from src/main/AndroidManifest.xml:59:9-63:20
	android:screenOrientation
		ADDED from src/main/AndroidManifest.xml:62:13-50
	android:launchMode
		ADDED from src/main/AndroidManifest.xml:61:13-43
	android:name
		ADDED from src/main/AndroidManifest.xml:60:13-50
activity#com.mdground.screen.activity.IflyTetTTsMainActivity
ADDED from src/main/AndroidManifest.xml:64:9-68:20
	android:screenOrientation
		ADDED from src/main/AndroidManifest.xml:67:13-50
	android:launchMode
		ADDED from src/main/AndroidManifest.xml:66:13-43
	android:name
		ADDED from src/main/AndroidManifest.xml:65:13-60
activity#com.mdground.screen.activity.UnisoundMainactivity
ADDED from src/main/AndroidManifest.xml:69:9-73:20
	android:screenOrientation
		ADDED from src/main/AndroidManifest.xml:72:13-50
	android:launchMode
		ADDED from src/main/AndroidManifest.xml:71:13-43
	android:name
		ADDED from src/main/AndroidManifest.xml:70:13-58
receiver#com.mdground.screen.receiver.ConnectChangeReceiver
ADDED from src/main/AndroidManifest.xml:75:9-82:20
	android:name
		ADDED from src/main/AndroidManifest.xml:75:19-84
intent-filter#action:name:android.net.conn.CONNECTIVITY_CHANGE+action:name:android.net.wifi.RSSI_CHANGED+action:name:android.net.wifi.STATE_CHANGE+action:name:android.net.wifi.WIFI_STATE_CHANGED
ADDED from src/main/AndroidManifest.xml:76:13-81:29
action#android.net.conn.CONNECTIVITY_CHANGE
ADDED from src/main/AndroidManifest.xml:77:17-79
	android:name
		ADDED from src/main/AndroidManifest.xml:77:25-76
action#android.net.wifi.STATE_CHANGE
ADDED from src/main/AndroidManifest.xml:78:17-72
	android:name
		ADDED from src/main/AndroidManifest.xml:78:25-69
action#android.net.wifi.RSSI_CHANGED
ADDED from src/main/AndroidManifest.xml:79:17-72
	android:name
		ADDED from src/main/AndroidManifest.xml:79:25-69
action#android.net.wifi.WIFI_STATE_CHANGED
ADDED from src/main/AndroidManifest.xml:80:17-78
	android:name
		ADDED from src/main/AndroidManifest.xml:80:25-75
activity#com.tencent.android.tpush.XGPushActivity
ADDED from src/main/AndroidManifest.xml:84:9-87:20
	android:exported
		ADDED from src/main/AndroidManifest.xml:86:13-37
	android:name
		ADDED from src/main/AndroidManifest.xml:85:13-68
receiver#com.mdground.screen.receiver.MessageReceiver
ADDED from src/main/AndroidManifest.xml:89:9-97:20
	android:name
		ADDED from src/main/AndroidManifest.xml:89:19-78
intent-filter#action:name:com.tencent.android.tpush.action.FEEDBACK+action:name:com.tencent.android.tpush.action.PUSH_MESSAGE
ADDED from src/main/AndroidManifest.xml:90:13-96:29
action#com.tencent.android.tpush.action.PUSH_MESSAGE
ADDED from src/main/AndroidManifest.xml:93:17-88
	android:name
		ADDED from src/main/AndroidManifest.xml:93:25-85
action#com.tencent.android.tpush.action.FEEDBACK
ADDED from src/main/AndroidManifest.xml:95:17-84
	android:name
		ADDED from src/main/AndroidManifest.xml:95:25-81
service#com.tencent.android.tpush.service.XGPushServiceV3
ADDED from src/main/AndroidManifest.xml:99:9-103:48
	android:process
		ADDED from src/main/AndroidManifest.xml:103:13-45
	android:exported
		ADDED from src/main/AndroidManifest.xml:101:13-36
	android:persistent
		ADDED from src/main/AndroidManifest.xml:102:13-38
	android:name
		ADDED from src/main/AndroidManifest.xml:100:13-77
service#com.tencent.android.tpush.rpc.XGRemoteService
ADDED from src/main/AndroidManifest.xml:105:9-113:19
	android:exported
		ADDED from src/main/AndroidManifest.xml:107:13-36
	android:name
		ADDED from src/main/AndroidManifest.xml:106:13-73
intent-filter#action:name:com.mdground.screen.PUSH_ACTION
ADDED from src/main/AndroidManifest.xml:108:13-112:29
action#com.mdground.screen.PUSH_ACTION
ADDED from src/main/AndroidManifest.xml:111:17-74
	android:name
		ADDED from src/main/AndroidManifest.xml:111:25-71
provider#com.tencent.android.tpush.XGPushProvider
ADDED from src/main/AndroidManifest.xml:115:9-119:14
	android:authorities
		ADDED from src/main/AndroidManifest.xml:117:12-65
	android:exported
		ADDED from src/main/AndroidManifest.xml:118:12-35
	android:name
		ADDED from src/main/AndroidManifest.xml:116:12-67
provider#com.tencent.android.tpush.SettingsContentProvider
ADDED from src/main/AndroidManifest.xml:121:9-124:39
	android:authorities
		ADDED from src/main/AndroidManifest.xml:123:12-68
	android:exported
		ADDED from src/main/AndroidManifest.xml:124:12-36
	android:name
		ADDED from src/main/AndroidManifest.xml:122:12-76
provider#com.tencent.mid.api.MidProvider
ADDED from src/main/AndroidManifest.xml:126:9-130:19
	android:authorities
		ADDED from src/main/AndroidManifest.xml:128:12-68
	android:exported
		ADDED from src/main/AndroidManifest.xml:129:12-35
	android:name
		ADDED from src/main/AndroidManifest.xml:127:12-58
receiver#com.tencent.android.tpush.XGPushReceiver
ADDED from src/main/AndroidManifest.xml:133:9-150:20
	android:process
		ADDED from src/main/AndroidManifest.xml:135:13-45
	android:name
		ADDED from src/main/AndroidManifest.xml:134:13-68
intent-filter#action:name:android.bluetooth.adapter.action.STATE_CHANGED+action:name:android.intent.action.ACTION_POWER_CONNECTED+action:name:android.intent.action.ACTION_POWER_DISCONNECTED+action:name:android.intent.action.USER_PRESENT+action:name:android.net.conn.CONNECTIVITY_CHANGE+action:name:com.tencent.android.tpush.action.INTERNAL_PUSH_MESSAGE+action:name:com.tencent.android.tpush.action.SDK
ADDED from src/main/AndroidManifest.xml:136:13-149:29
	android:priority
		ADDED from src/main/AndroidManifest.xml:136:28-57
action#com.tencent.android.tpush.action.SDK
ADDED from src/main/AndroidManifest.xml:139:17-79
	android:name
		ADDED from src/main/AndroidManifest.xml:139:25-76
action#com.tencent.android.tpush.action.INTERNAL_PUSH_MESSAGE
ADDED from src/main/AndroidManifest.xml:140:17-97
	android:name
		ADDED from src/main/AndroidManifest.xml:140:25-94
action#android.intent.action.USER_PRESENT
ADDED from src/main/AndroidManifest.xml:142:17-77
	android:name
		ADDED from src/main/AndroidManifest.xml:142:25-74
action#android.bluetooth.adapter.action.STATE_CHANGED
ADDED from src/main/AndroidManifest.xml:146:17-89
	android:name
		ADDED from src/main/AndroidManifest.xml:146:25-86
action#android.intent.action.ACTION_POWER_CONNECTED
ADDED from src/main/AndroidManifest.xml:147:17-87
	android:name
		ADDED from src/main/AndroidManifest.xml:147:25-84
action#android.intent.action.ACTION_POWER_DISCONNECTED
ADDED from src/main/AndroidManifest.xml:148:17-90
	android:name
		ADDED from src/main/AndroidManifest.xml:148:25-87
meta-data#XG_V2_ACCESS_ID
ADDED from src/main/AndroidManifest.xml:165:9-167:42
	android:value
		ADDED from src/main/AndroidManifest.xml:167:13-39
	android:name
		ADDED from src/main/AndroidManifest.xml:166:13-43
meta-data#XG_V2_ACCESS_KEY
ADDED from src/main/AndroidManifest.xml:169:9-171:44
	android:value
		ADDED from src/main/AndroidManifest.xml:171:13-41
	android:name
		ADDED from src/main/AndroidManifest.xml:170:13-44